{
  "回测日期序列": [
    "2021-01-29",
    "2021-02-26",
    "2021-03-30",
    "2021-04-29",
    "2021-05-28",
    "2021-06-29",
    "2021-07-30",
    "2021-08-30",
    "2021-09-29",
    "2021-10-29",
    "2021-11-29",
    "2021-12-30",
    "2022-01-28",
    "2022-02-25",
    "2022-03-30",
    "2022-04-29",
    "2022-05-30",
    "2022-06-29",
    "2022-07-29",
    "2022-08-30",
    "2022-09-29",
    "2022-10-28",
    "2022-11-29",
    "2022-12-30",
    "2023-01-30",
    "2023-02-27",
    "2023-03-30",
    "2023-04-28",
    "2023-05-30",
    "2023-06-29",
    "2023-07-28",
    "2023-08-30",
    "2023-09-28",
    "2023-10-30",
    "2023-11-29",
    "2023-12-29",
    "2024-01-30",
    "2024-02-28",
    "2024-03-29",
    "2024-04-29",
    "2024-05-30",
    "2024-06-28",
    "2024-07-30",
    "2024-08-30",
    "2024-09-27",
    "2024-10-30",
    "2024-11-29",
    "2024-12-30",
    "2025-01-27",
    "2025-02-27",
    "2025-03-28"
  ],
  "基准指数收益率序列": [
    -0.0028407699109219697,
    -0.04535181630490537,
    0.013629792406430363,
    0.030386184867840393,
    -0.024533344549082736,
    -0.07308963443045269,
    0.00043665058984143634,
    0.004291842907721888,
    0.01548264650440312,
    -0.011682580123277275,
    0.014446874659249875,
    -0.07268883626773948,
    0.0021150706038788325,
    -0.0698220307420816,
    -0.05591263992475526,
    0.0031813080938123406,
    0.09737834622179298,
    -0.05682759840474272,
    -0.022615322661539095,
    -0.06100659608949277,
    -0.07468073968694133,
    0.08671683897248217,
    0.006031406531674666,
    0.08516074015057895,
    -0.0374881377273224,
    -0.0013152583220054082,
    -0.002337461910914329,
    -0.04748786933254112,
    -0.00414555068693645,
    0.04471509626179171,
    -0.05114984265432254,
    -0.02612966782162307,
    -0.028661039986477732,
    -0.026637996314385237,
    -0.016396892555881504,
    -0.05423061499720483,
    0.06324149539418356,
    0.025280560032031385,
    0.02443208016499243,
    -0.008168050640517177,
    -0.036906950846031905,
    -0.026656280503816077,
    -0.014231036604604674,
    0.11508667510700166,
    0.050156480644452106,
    0.006976438588842004,
    0.021057052994559733,
    -0.0455044265583846,
    0.03956838528045625,
    -0.013343788673107482,
    -0.03578123963166557
  ],
  "因子表现数据": {
    "EWMAVOL": {
      "IC值序列": [
        -0.07922627484919881,
        -0.24912441451709283,
        -0.0759026699250056,
        0.01084977961174994,
        0.18719461319920458,
        -0.1498008452381889,
        0.1036706344477683,
        0.04119839250343273,
        0.049704000761187625,
        0.05034046969241432,
        -0.09888076663604807,
        0.13407355384021835,
        0.09800309214311664,
        -0.10225703331420294,
        -0.051385001336839105,
        -0.18628870372140743,
        0.18533282901207682,
        0.2249495171817286,
        0.029239202658084162,
        0.0685944318002305,
        -0.04828444194393424,
        -0.027411011907469487,
        0.07171194024211558,
        -0.01771121827051117,
        0.08140911244516234,
        0.09281611193760492,
        -0.1130862824754958,
        -0.020641079142958107,
        0.09947041027822508,
        0.12171488217676515,
        0.06146450684915235,
        -0.08457164269023913,
        0.15629980772029856,
        0.12490684883300046,
        -0.16817789252319143,
        -0.15925039547071818,
        0.041558330416360804,
        -0.03453446559968351,
        -0.19404323804782309,
        -0.11125412147269963,
        0.08375409356739291,
        -0.14570199650754337,
        -0.12650637987599403,
        -0.17649270112601223,
        0.25037374140324153,
        -0.04077317999001921,
        0.21353087758893122,
        -0.07888216566590875
      ],
      "RankIC值序列": [
        -0.03872995148767075,
        -0.18546838819541356,
        -0.1014321183809551,
        -0.021198245544173096,
        0.18634277997143198,
        -0.16505226727362854,
        0.1381225497470583,
        0.14009557436493209,
        0.05895775491882055,
        0.09615449792982769,
        -0.0883171478222234,
        0.144897103496358,
        0.13247022120179913,
        -0.09442527626809086,
        -0.11074308193535733,
        -0.11334571981845772,
        0.12164369284590658,
        0.2377218716463525,
        0.04506430396719326,
        -0.00785008887583115,
        0.022043568958468072,
        0.015447038044352625,
        0.09951335090537544,
        0.043421203376526864,
        0.05643451127462729,
        0.12464252673880746,
        -0.009544155673392972,
        -0.009322055777453238,
        0.1542195313207068,
        0.14349223319047133,
        0.024583876846416396,
        -0.08805595887812277,
        0.19933731175438843,
        0.11445716726817225,
        -0.13342176160242047,
        -0.11427917872145538,
        0.03933001934027725,
        -0.017377367798305985,
        -0.20987310647275767,
        -0.13616039555920145,
        0.09560001658675255,
        -0.1572110398664292,
        -0.16012453031993745,
        -0.12978030670988933,
        0.23982117795945482,
        -0.029155317947222363,
        0.062110800956842224,
        -0.07901171134735044
      ],
      "各分组收益率": {
        "第一组": [
          0.0,
          0.0,
          0.07513929944477774,
          0.05625195557637924,
          0.0227254599888218,
          0.044779646291364245,
          0.035217458764583154,
          -0.03224372481694585,
          0.031118438821543817,
          -0.009179269530878467,
          0.007733751180077086,
          -0.09961722836376434,
          0.04138768143687111,
          -0.060723206953125844,
          -0.0960555222543723,
          0.05405959667335676,
          0.09549740957812235,
          -0.038584316414988246,
          -0.005370543926147205,
          -0.0737884925506553,
          -0.0457504289660274,
          0.06349458444202705,
          -0.02021899965919261,
          0.06859238296592668,
          -0.025505108290386883,
          0.03309610539914684,
          0.03304188240010766,
          -0.026386222607556666,
          0.006235475294915705,
          0.02222294751799934,
          -0.05033012475844601,
          -0.03296640183473498,
          -0.0318849870486823,
          -0.01811123600520416,
          -0.015202937947105928,
          -0.11887151008731209,
          0.0851597233367449,
          0.024330223389911376,
          0.02044960154404887,
          -0.03710045228733052,
          -0.07743816623705797,
          -0.05194776321102843,
          -0.019795828113464503,
          0.1531952951738144,
          0.12699158119567783,
          0.03979603749528361,
          -0.026640907037337888,
          -0.06558750905654276,
          0.07417181427769967,
          -0.06660161783745075,
          -0.05836243887882309
        ],
        "第二组": [
          0.0,
          0.0,
          0.03707796682444409,
          0.026543395819745946,
          0.012579553952307936,
          -0.033140865218023924,
          0.0408952858948124,
          0.0028255766181015047,
          0.011047770281403394,
          0.019434641373622278,
          -0.007420717243156462,
          -0.08882178223426905,
          0.015507914779305711,
          -0.07627027914378498,
          -0.07441149840381585,
          0.03635692967564223,
          0.08550956196260498,
          -0.05424864525642107,
          -0.021240915055658414,
          -0.07360877761765743,
          -0.015837680315445312,
          0.09208848839685997,
          -0.02926527174030686,
          0.08297537548776608,
          -0.021774608665299774,
          -0.0011623642139591472,
          -0.012681664207823939,
          -0.06773850419876654,
          -0.02645440329967867,
          0.04989076156558546,
          -0.059880406105762944,
          -0.030196822126914977,
          -0.016807481536619265,
          -0.009300541468026878,
          -0.01686015594409292,
          -0.08670188597184755,
          0.0734425795379762,
          0.009860392475250574,
          0.014731511217363,
          -0.007611173967185444,
          -0.0724435125401148,
          -0.033637728043767995,
          -0.011695585281331588,
          0.11582715219824367,
          0.056988036008820214,
          0.022735901073522864,
          -0.0009554875012227422,
          -0.04267285076037992,
          0.04044518666382478,
          -0.012957652586990224,
          -0.039318585836467516
        ],
        "第三组": [
          0.0,
          0.0,
          0.029955915201196986,
          0.029090136909666497,
          -0.020903408974755375,
          -0.04856184690856337,
          0.04437996749452885,
          -0.0006045348688612092,
          0.01002948915431916,
          0.0034816250568973687,
          0.03690824050503545,
          -0.07916948247848594,
          0.005853548646073,
          -0.06506888252636792,
          -0.07837736233615718,
          0.005367934299721966,
          0.08238205526013519,
          -0.046677200848751356,
          -0.009854044799393273,
          -0.060162216851671835,
          -0.019142519025899085,
          0.10010294160193213,
          -0.015965915381390056,
          0.06983580540274008,
          -0.0015032839862071025,
          -0.0001118458608333588,
          -0.006456502136080189,
          -0.05025938066055113,
          -0.007570217247048975,
          0.05926371200612568,
          -0.05551110839747124,
          -0.008198874589397708,
          -0.023657853171236032,
          -0.017404286965878677,
          -0.015432494486331794,
          -0.051208267350911295,
          0.062235831829579084,
          0.022419758459617942,
          0.016010547603548756,
          -0.00807443935981033,
          -0.05530355636772773,
          -0.02329803790635916,
          -0.022367400688084352,
          0.12057670733104074,
          0.07545558453039262,
          0.013410335388249095,
          0.01837898821899345,
          -0.06263390024660867,
          0.05591653340816539,
          0.00040407165440404586,
          -0.04117546908705654
        ],
        "第四组": [
          0.0,
          0.0,
          0.004922003376959399,
          0.017357849984263988,
          -0.03168618986876923,
          -0.033730260319309036,
          0.01615161060966967,
          0.026386700526301137,
          0.001134000363579998,
          0.009392991085174777,
          0.04179923496022243,
          -0.061247133736034035,
          0.013548435055485123,
          -0.05670439550833574,
          -0.08016414592612386,
          0.021307587264202895,
          0.06768037790124501,
          -0.052614836590726646,
          -0.006984758732092926,
          -0.06267494594770653,
          -0.024150401393725825,
          0.09422787782998947,
          -0.014220168918350387,
          0.07528988415003475,
          -0.00036389626816054726,
          0.010455717050996242,
          0.003025301949296965,
          -0.03606454167543127,
          -0.03346423214929209,
          0.03323540156067523,
          -0.03828705405445756,
          -0.016851129463772443,
          -0.02828248568195172,
          -0.017774909811181152,
          -0.013726388629583773,
          -0.05218234740695244,
          0.05583140081352961,
          0.007397311499423614,
          0.02071528925037415,
          -0.012346905930221605,
          -0.062107451300450846,
          -0.0230260174096441,
          -0.010084141578692191,
          0.13850965315215372,
          0.0667079446117511,
          0.014426206327586243,
          0.007498303780622589,
          -0.05621181701940972,
          0.04486215860199695,
          -0.013976664183310162,
          -0.05258690596183197
        ],
        "第五组": [
          0.0,
          0.0,
          0.0005174597194456839,
          0.009911194832828537,
          -0.011598998472320942,
          -0.06689238809589669,
          0.035017133395653266,
          0.026153425660145422,
          0.0001263110566660107,
          0.007639608241426654,
          0.03347111489856413,
          -0.05626805683653818,
          0.018933255217870412,
          -0.07526258956782984,
          -0.06602094234220061,
          0.026141158803798442,
          0.0510836827509351,
          -0.03149251950112344,
          -0.003919585751994457,
          -0.08165922943062472,
          -0.015369493833244723,
          0.08344844333381257,
          -0.0205860757796947,
          0.07303769128787711,
          0.037688533578617914,
          0.04810828354384389,
          -0.022281194059526357,
          -0.04350242562538302,
          -0.020006725820229613,
          0.027555301994926742,
          -0.04227646768281729,
          -0.018987186136676566,
          -0.015959115056508922,
          -0.007728298259050119,
          -0.023945911352685957,
          -0.059506722460195845,
          0.06369970371498139,
          0.027362427788469257,
          0.050894233098199494,
          -0.014283187272283579,
          -0.04715612724250023,
          -0.01733238542010803,
          -0.02539588814893772,
          0.11343206050818133,
          0.0862024916305699,
          0.019455104910887894,
          0.0182244294164926,
          -0.04425926964508899,
          0.0727151174018066,
          -0.0011939954571051187,
          -0.05142793396712944
        ]
      },
      "多空组合收益率序列": [
        0.0,
        0.0,
        0.07462183972533205,
        0.0463407607435507,
        0.03432445846114274,
        0.11167203438726094,
        0.00020032536892988784,
        -0.05839715047709128,
        0.030992127764877808,
        -0.01681887777230512,
        -0.025737363718487043,
        -0.04334917152722616,
        0.0224544262190007,
        0.014539382614704,
        -0.03003457991217169,
        0.02791843786955832,
        0.04441372682718725,
        -0.007091796913864808,
        -0.0014509581741527482,
        0.00787073687996942,
        -0.03038093513278268,
        -0.019953858891785525,
        0.0003670761205020884,
        -0.004445308321950434,
        -0.0631936418690048,
        -0.015012178144697047,
        0.05532307645963401,
        0.017116203017826355,
        0.026242201115145317,
        -0.005332354476927401,
        -0.008053657075628724,
        -0.013979215698058416,
        -0.015925871992173376,
        -0.01038293774615404,
        0.008742973405580029,
        -0.05936478762711624,
        0.021460019621763513,
        -0.0030322043985578813,
        -0.030444631554150624,
        -0.02281726501504694,
        -0.030282038994557746,
        -0.0346153777909204,
        0.005600060035473219,
        0.03976323466563306,
        0.04078908956510793,
        0.02034093258439572,
        -0.04486533645383049,
        -0.021328239411453766,
        0.0014566968758930737,
        -0.06540762238034563,
        -0.006934504911693652
      ]
    },
    "VOL_3M": {
      "IC值序列": [
        -0.0603099693784937,
        -0.22029473141289796,
        -0.0205643725317929,
        0.0024085743415622196,
        0.2156630553414831,
        -0.18544379588776916,
        0.12140536768531349,
        0.020720611826489925,
        0.00764533089520837,
        0.017400188577696426,
        -0.06757324499819697,
        0.18152765152218536,
        0.02559501329151389,
        -0.144139479978101,
        -0.09502435980948007,
        -0.18353164391211735,
        0.15227205094110197,
        0.2530438871155827,
        0.011464511480627979,
        0.06927131346337849,
        -0.0469900131806185,
        0.06486315323025675,
        0.08271133519791615,
        0.0230610104018354,
        0.08644583239835817,
        0.08001005571132666,
        -0.11860700812686237,
        -0.015641757866668823,
        0.05373359862253577,
        0.015061591970994562,
        0.007189129644764848,
        -0.13354936185262695,
        0.14257472219029557,
        0.11875307256394825,
        -0.17654725892361656,
        -0.16476007276524196,
        0.05744826277731073,
        -0.11817937470574827,
        -0.14938893065940873,
        -0.19301227961847817,
        0.10357378667591642,
        -0.14026507803825727,
        -0.049395666576551665,
        -0.15659807120458358,
        0.27918504737504884,
        -0.09024109881743497,
        0.231042331036673,
        -0.06982251015592732
      ],
      "RankIC值序列": [
        -0.03519739095411235,
        -0.15566244072164773,
        -0.06568212447832564,
        -0.020729531693151827,
        0.189307857687612,
        -0.22426502416361438,
        0.13666426141444868,
        0.0858180473633924,
        0.018208907030283408,
        0.044297583896639244,
        -0.044385416588841306,
        0.19589822649366567,
        0.03530331351115174,
        -0.16251622212633968,
        -0.16706931210878262,
        -0.10717609556983418,
        0.08718152581365009,
        0.28957645850307756,
        0.011143167944406014,
        0.015663415863604698,
        0.004247586818127168,
        0.10228916748752459,
        0.11488852376661038,
        -0.0005269799419627446,
        0.10890440174291109,
        0.1551548829866631,
        -0.017310871514308292,
        -0.010652568260453653,
        0.08796162112159783,
        0.10019222395419228,
        0.013003742749954568,
        -0.07207989420416948,
        0.17706754098537936,
        0.0866850846744408,
        -0.12375232934442144,
        -0.12826609364452984,
        0.07444121161964519,
        -0.1157571428411475,
        -0.1443196015091708,
        -0.17601583113787642,
        0.06746753084183156,
        -0.12192513544572117,
        -0.06605726937792808,
        -0.11915465869910559,
        0.23269976978195214,
        -0.09523529726730931,
        0.16049919784050865,
        -0.05652086669307916
      ],
      "各分组收益率": {
        "第一组": [
          0.0,
          0.0,
          0.06802585418374006,
          0.04999502973311401,
          0.02805672978645316,
          0.014840209644300042,
          0.04408184921820174,
          -0.03680705216843047,
          0.06147761674317993,
          0.011634043327529492,
          -0.0048392145940293375,
          -0.10332596584190779,
          0.029009585538699107,
          -0.07012466983315571,
          -0.1023518616757986,
          0.038906715274450526,
          0.09495919940287287,
          -0.047875066610299354,
          -0.007868681494302972,
          -0.07432656589130826,
          -0.05712804270983296,
          0.054514714913546355,
          -0.03454393838094179,
          0.0861818370951002,
          -0.023266575522518478,
          0.0357110216272969,
          0.02150926096495659,
          -0.024896143604035557,
          -0.0012903730112875972,
          0.019544091540256193,
          -0.049894267518519206,
          -0.03720251657911148,
          -0.029506030470215557,
          -0.008702601205145672,
          -0.019857517552391096,
          -0.10762825521312515,
          0.09550351613240796,
          0.01212311589586469,
          0.020211441496661223,
          -0.044844313030582755,
          -0.06633443855672182,
          -0.06657926466910237,
          -0.009155579688908679,
          0.14107358024081418,
          0.12223262516129481,
          0.035479148699536354,
          -0.022345269256591353,
          -0.07165834331674908,
          0.09403328665943617,
          -0.07210134634098743,
          -0.06675904026571829
        ],
        "第二组": [
          0.0,
          0.0,
          0.05878901478959847,
          0.04515968357159163,
          -0.0038337196651211853,
          0.004139639953993719,
          0.03720671197236041,
          -0.004579654549394547,
          -0.0041876109813710205,
          0.01139134304416698,
          -0.00044962328782118834,
          -0.0896257380469329,
          0.017759051526849822,
          -0.06863636911719079,
          -0.07640406982331324,
          0.03144404943409758,
          0.0954190046034325,
          -0.04695948154201194,
          -0.020377782976301485,
          -0.07468272846245433,
          -0.025091296644257553,
          0.0864409679723767,
          -0.010735071141521845,
          0.07119504341005993,
          -0.007665427557653704,
          -0.013354370368343686,
          -0.03363088701404488,
          -0.07132757243888713,
          -0.011023502435716382,
          0.03816401065339226,
          -0.052209508279874584,
          -0.02077538051419535,
          -0.02963649949082977,
          -0.025958627533310775,
          -0.010082356094095217,
          -0.08365226178132207,
          0.0674615947244943,
          0.02238922662409295,
          0.007315069532583259,
          -0.004562630712702924,
          -0.07090969907648893,
          -0.03209949291225921,
          -0.026862748444637218,
          0.13402408159794346,
          0.0859051184950158,
          0.019411980196089203,
          -0.014110400480184214,
          -0.056956793973882903,
          0.04576778680917625,
          -0.009885569046526635,
          -0.03160708334487049
        ],
        "第三组": [
          0.0,
          0.0,
          0.024749846365537495,
          0.0026170836682289176,
          -0.003776396769883122,
          -0.05050099719117578,
          0.027009600076568614,
          0.004135982474561371,
          0.008832716426723907,
          -0.00710542619968051,
          0.0370304568527111,
          -0.08612921272337869,
          0.019239518112407223,
          -0.07764137315951516,
          -0.09736042713813331,
          0.037633354803578885,
          0.06861173931167164,
          -0.05234783851237005,
          -0.00397004799587139,
          -0.0693076581182819,
          -0.009420699759605591,
          0.10360557776686088,
          -0.021506343783132837,
          0.08028495892088612,
          -0.025324541115207346,
          0.005514514476500444,
          -0.01131782233918674,
          -0.059778598417664294,
          -0.021141533227840226,
          0.05349355002938571,
          -0.04727187152828371,
          -0.02267000468703329,
          -0.00604017465418409,
          -0.014650945329824711,
          -0.011037925963219038,
          -0.06116345855618493,
          0.0596254897061324,
          0.027874809643352885,
          0.021720709924392224,
          -0.021488307875832346,
          -0.06437986760129777,
          -0.02769560453496917,
          -0.009399746989258391,
          0.11913896547054482,
          0.06456495360343237,
          0.01951989822012913,
          0.015962849082590554,
          -0.04779409247972833,
          0.04282738405923369,
          0.0013379034160963532,
          -0.041463818668758264
        ],
        "第四组": [
          0.0,
          0.0,
          0.005337654586244363,
          0.01974579040735488,
          -0.0433432520903084,
          -0.04901947142515638,
          0.021945354952855378,
          0.025825072048936873,
          -0.002875844451940578,
          0.008602697625339323,
          0.0401098407951073,
          -0.052290793212285885,
          0.011651737593181367,
          -0.058331971525351536,
          -0.059854973617756026,
          0.01478693037206809,
          0.07072657146688015,
          -0.04097322560902274,
          -0.011239212592335589,
          -0.06675629296368259,
          -0.01268476032159151,
          0.10673505757366256,
          -0.013881153432745567,
          0.06338458415012832,
          0.015494420881072661,
          0.010085968960765683,
          0.010822003627982319,
          -0.037218783506751556,
          -0.028059858781399487,
          0.0466199046760734,
          -0.05124358369882612,
          -0.007340781081173808,
          -0.029468645244395023,
          -0.015658442983898565,
          -0.020654895613715085,
          -0.05473955503557876,
          0.05443449108630055,
          0.009901298431048252,
          0.03267023217521624,
          0.00657877122627409,
          -0.060992117926049055,
          -0.0116609507338166,
          -0.011633394352223395,
          0.1282094720649287,
          0.053318536413502066,
          0.00884778774755294,
          0.013100802103952187,
          -0.047487669270842296,
          0.04133231825972613,
          -0.01289852038767103,
          -0.056240464747777254
        ],
        "第五组": [
          0.0,
          0.0,
          -0.009376474690748156,
          0.021560641768896428,
          -0.0059219291505193065,
          -0.0570050952323904,
          0.04155010332328955,
          0.033888115465459535,
          -0.00942509483110835,
          0.00626351783141756,
          0.04049048637079731,
          -0.053751973824586324,
          0.017586969574507866,
          -0.059482824411332284,
          -0.058916724166875184,
          0.020283887639598906,
          0.05243024078377077,
          -0.03557120928178089,
          -0.003914123206474846,
          -0.06682041696258872,
          -0.015925724099054732,
          0.08204136377108998,
          -0.019820917381563406,
          0.06901074603965063,
          0.02905279777169453,
          0.05252459002024819,
          0.007265268706266845,
          -0.030876786556959624,
          -0.019747845995608818,
          0.03426850722032811,
          -0.045626970636777474,
          -0.019042815482500648,
          -0.022074322301329975,
          -0.005208862624562268,
          -0.023538181769508358,
          -0.06127239736148066,
          0.06343303782108768,
          0.01900405317566672,
          0.040946626162537136,
          -0.015342870714324027,
          -0.05180938688997485,
          -0.011425344061296971,
          -0.032016019138662186,
          0.11893891316399002,
          0.08614452399406612,
          0.02658537578091327,
          0.023918948860474437,
          -0.047367654887900165,
          0.0642278773594017,
          -0.0008308076231088019,
          -0.046900753726811815
        ]
      },
      "多空组合收益率序列": [
        0.0,
        0.0,
        0.07740232887448822,
        0.028434387964217583,
        0.03397865893697247,
        0.07184530487669044,
        0.002531745894912188,
        -0.07069516763389,
        0.07090271157428829,
        0.005370525496111931,
        -0.04532970096482665,
        -0.04957399201732146,
        0.011422615964191241,
        -0.010641845421823427,
        -0.043435137508923416,
        0.01862282763485162,
        0.042528958619102095,
        -0.012303857328518464,
        -0.003954558287828126,
        -0.007506148928719536,
        -0.04120231861077823,
        -0.02752664885754362,
        -0.014723020999378382,
        0.017171091055449575,
        -0.052319373294213004,
        -0.01681356839295129,
        0.014243992258689744,
        0.005980642952924067,
        0.01845747298432122,
        -0.014724415680071913,
        -0.004267296881741732,
        -0.01815970109661083,
        -0.007431708168885581,
        -0.003493738580583404,
        0.003680664217117262,
        -0.04635585785164449,
        0.032070478311320275,
        -0.006880937279802031,
        -0.020735184665875914,
        -0.02950144231625873,
        -0.014525051666746967,
        -0.0551539206078054,
        0.02286043944975351,
        0.022134667076824155,
        0.03608810116722869,
        0.008893772918623085,
        -0.04626421811706579,
        -0.02429068842884892,
        0.02980540930003446,
        -0.07127053871787863,
        -0.01985828653890647
      ]
    },
    "RANKVOL": {
      "IC值序列": [
        -0.04529386376185296,
        -0.16244079607223838,
        0.006597477838137323,
        -0.0014737175513900164,
        0.15994228295436805,
        -0.14477611696851495,
        0.0772592435938032,
        0.04435881625678364,
        0.02232374979270739,
        0.01857338069032656,
        -0.06334370617244149,
        0.17019406679134438,
        -0.002144917146743461,
        -0.14957765665925957,
        -0.09427291240839537,
        -0.17352638149788724,
        0.13478899706678257,
        0.2833977349727031,
        0.02330499437275891,
        0.04536149900380927,
        -0.057038077221868586,
        0.0638844798650396,
        0.08530772086374908,
        0.045808688024830777,
        0.05863736760438124,
        0.0770418888018999,
        -0.07116279047139015,
        -0.037286891425338906,
        0.0649240436476077,
        0.07400356909401715,
        -0.0011439589097821876,
        -0.1619195067147218,
        0.047298299153795687,
        0.02613361654374213,
        -0.12666803296201415,
        -0.015792250549540768,
        -0.05620314657538583,
        -0.13233781227736552,
        -0.19094125265657969,
        -0.12666565053838497,
        0.0018737020237231498,
        -0.08935149525144484,
        0.08296633655813374,
        -0.10760729548899775,
        0.09181047555075811,
        -0.01956337287203949,
        0.1151843992645922,
        -0.1278492689851855
      ],
      "RankIC值序列": [
        -0.027418759485043465,
        -0.11835085345051663,
        -0.024208205611843628,
        -0.06390622588938298,
        0.1774755160166266,
        -0.2077282903591325,
        0.10881447187697382,
        0.0827416268119435,
        0.014260836530228407,
        0.0382176122868448,
        -0.052148566462422156,
        0.19220790963633044,
        0.00012351465054402793,
        -0.14029547714912263,
        -0.16835348815605905,
        -0.1518448458010935,
        0.08477547083675252,
        0.31679816638301717,
        0.030861683113994298,
        0.007005413208931061,
        -0.014956247419548381,
        0.10847335526862477,
        0.11010391898982717,
        0.021393120379922963,
        0.11153606171738163,
        0.15369064721485282,
        -0.003351782226577155,
        0.0033577566633341024,
        0.06457813831616348,
        0.11861799256983045,
        0.01606024166158525,
        -0.11922329650036265,
        0.08000899630295685,
        0.018668330397689975,
        -0.10498801067004197,
        0.013906128918191455,
        -0.05440632642322746,
        -0.13696696257648594,
        -0.17672569512801778,
        -0.11119028731317891,
        0.05740552049150113,
        -0.1073911007447088,
        0.12083708144095891,
        -0.08637474718739825,
        0.07873049298309241,
        -0.021249199892155107,
        0.09213724602452267,
        -0.13841784735268933
      ],
      "各分组收益率": {
        "第一组": [
          0.0,
          0.0,
          0.05858000412174289,
          0.04004057415643611,
          0.034783915288071426,
          -0.007018680078875749,
          0.03468149094633852,
          -0.04277726104454332,
          0.04578021483285854,
          0.021923267169790456,
          0.011260931394985895,
          -0.08826058303112966,
          0.021614107055783083,
          -0.06369999593400925,
          -0.10156945844357897,
          0.02506138111128331,
          0.07642622650276776,
          -0.05137396792676156,
          -0.01204385527968274,
          -0.059066796896324957,
          -0.04541299900402721,
          0.07407629134798539,
          -0.03268808910373832,
          0.07695615568311322,
          -0.02594599806330852,
          -0.005446935226648053,
          -0.0034199190875100175,
          -0.040900896340772014,
          0.00026644040862373647,
          0.02060084108093042,
          -0.044202068209269495,
          -0.03907786958655836,
          -0.040557408980547556,
          0.006877725810329535,
          -0.006193021514472776,
          -0.09598977516824667,
          0.10675835668143462,
          0.02152468157186767,
          0.018400249855451748,
          -0.026378862305060716,
          -0.07180450760275371,
          -0.06094290755462135,
          -0.010078236560261102,
          0.1349527520463087,
          0.0992628322218021,
          8.763523203507912e-05,
          -0.011714385042438354,
          -0.06885146163752225,
          0.06419275797835301,
          -0.03902255908809202,
          -0.05215684618499743
        ],
        "第二组": [
          0.0,
          0.0,
          0.05650793080855135,
          0.040106889227020576,
          0.005151420980113399,
          -0.014151576022605401,
          0.0508105899070899,
          -0.02325116962651866,
          0.019428463564511486,
          -0.004823687392724968,
          -0.0057167916307064625,
          -0.09942687308588319,
          0.017199668117993665,
          -0.07884808871825849,
          -0.09601072584177084,
          0.04877893634837636,
          0.08157574943142541,
          -0.043416724138097045,
          -0.021581782496157026,
          -0.07634458610769766,
          -0.013479630068620062,
          0.07063187388243226,
          -0.02509293257506502,
          0.07471812592665067,
          -0.015202777130618503,
          0.020285780506299242,
          -0.021053386314842343,
          -0.04697264011895032,
          -0.010691057310888824,
          0.03318564074118246,
          -0.055399874349733584,
          -0.010640271159279012,
          -0.030968174756469614,
          -0.032221816615952255,
          -0.00953732779455127,
          -0.08924270291798339,
          0.059210584811866196,
          0.02466075304861837,
          0.011852049611985497,
          -0.00806744143673223,
          -0.05313595580962813,
          -0.03219274234575636,
          -0.019965462077476605,
          0.12389385589069213,
          0.079695586065842,
          0.03774829407850753,
          0.0029391522852918795,
          -0.05487892143515038,
          0.06245067545795817,
          -0.028462028432364162,
          -0.047551807395323796
        ],
        "第三组": [
          0.0,
          0.0,
          0.03925577082895534,
          0.0013911718207419554,
          -0.03331307363321612,
          -0.004952031219225031,
          0.0232101405307137,
          0.02605091389003395,
          0.007799141373763391,
          0.005239848802508666,
          0.026514678222000182,
          -0.09224697555704797,
          0.028121851607264832,
          -0.07067152273450285,
          -0.06211820280589543,
          0.016961411791617444,
          0.09138564659995686,
          -0.040868749884484024,
          -0.0018164828470913182,
          -0.07183130808949856,
          -0.03105981583765499,
          0.09023721233222476,
          -0.013398026719995964,
          0.07503104628556366,
          -0.003951272320271813,
          0.0061123754355340235,
          0.016602079113569743,
          -0.0682273071373246,
          -0.020409129069143488,
          0.03617977024126864,
          -0.05991089601319459,
          -0.02691431454706295,
          -0.015605778966631307,
          -0.016597692377093652,
          -0.013988447768617587,
          -0.06478319446092926,
          0.057804547007793444,
          0.028474337615932325,
          0.019124275081446766,
          -0.017193895761573513,
          -0.06569565853354087,
          -0.024976174431909914,
          -0.023263312282184777,
          0.12541799554951258,
          0.07700686878921807,
          0.011714579465290314,
          0.016749592997912954,
          -0.03563105943766523,
          0.0414069698313524,
          -0.009734748532844917,
          -0.04388222499008698
        ],
        "第四组": [
          0.0,
          0.0,
          0.00042331555856330266,
          0.03820398717936824,
          -0.011967374657225718,
          -0.05687541652710919,
          0.020910206544727392,
          0.022785176505509337,
          -0.0007712748067614212,
          0.008498482418789829,
          0.04372041344863492,
          -0.06094588738424401,
          0.012211954550112656,
          -0.056601960010328876,
          -0.061607650588153054,
          0.028635323541723618,
          0.07189067732919192,
          -0.045030328923333106,
          -0.005721052911087627,
          -0.07594645649065021,
          -0.021678898149343782,
          0.10486141990312477,
          -0.009366666198028813,
          0.07093951802993095,
          0.0059106061667815925,
          0.026393749566777057,
          -0.011454316035948651,
          -0.03937835199911069,
          -0.011926418613648251,
          0.04748357203456752,
          -0.04466928854555162,
          -0.013911350944781575,
          -0.011970921670072575,
          -0.01347684458249468,
          -0.026265629346365713,
          -0.07477670140918613,
          0.05812044364380214,
          0.004531090721996223,
          0.03620479196956792,
          -0.016914078783630528,
          -0.06618642971590122,
          -0.029876645558959324,
          -0.009952999195176759,
          0.1228704892985435,
          0.07588186175889285,
          0.03345914321785422,
          -0.006589700560717057,
          -0.05978934315344902,
          0.06039856507161333,
          -0.012356606425469634,
          -0.059974957154599266
        ],
        "第五组": [
          0.0,
          0.0,
          -0.007356319376879632,
          0.01921421096590341,
          -0.023391417019541127,
          -0.054548010402613416,
          0.042219364762053624,
          0.039582873319228384,
          -0.01860388738310884,
          2.344621613515579e-05,
          0.03675438310648179,
          -0.04424336459078674,
          0.016116783232844288,
          -0.0643378428113505,
          -0.07382410026902671,
          0.02345499844652071,
          0.06065042072999062,
          -0.04307821422770879,
          -0.006206674731267567,
          -0.06870451481414439,
          -0.008619180474696297,
          0.09355273156286174,
          -0.019825847123771043,
          0.0722439563179235,
          0.027697486110085656,
          0.042665125412471416,
          0.013973366270705414,
          -0.028644644073299384,
          -0.03828737297172455,
          0.054406082173197486,
          -0.042105027373178304,
          -0.016468276169736572,
          -0.017564598479206342,
          -0.014604144095804423,
          -0.029063301439812016,
          -0.043571384518471014,
          0.05867263293300567,
          0.012216595911019888,
          0.03723205039955706,
          -0.01084346520132293,
          -0.05768095677926341,
          -0.0013761434889612764,
          -0.025977435075191534,
          0.13425173816562944,
          0.0801975987424331,
          0.026338023337633295,
          0.015273507735128682,
          -0.05194170028001375,
          0.059380363624835335,
          -0.004549453419473316,
          -0.039265281491464354
        ]
      },
      "多空组合收益率序列": [
        0.0,
        0.0,
        0.06593632349862252,
        0.0208263631905327,
        0.05817533230761256,
        0.04752933032373767,
        -0.007537873815715107,
        -0.08236013436377171,
        0.06438410221596738,
        0.0218998209536553,
        -0.025493451711495897,
        -0.04401721844034292,
        0.005497323822938795,
        0.0006378468773412527,
        -0.02774535817455226,
        0.001606382664762599,
        0.015775805772777138,
        -0.00829575369905277,
        -0.005837180548415173,
        0.009637717917819429,
        -0.03679381852933092,
        -0.01947644021487635,
        -0.012862241979967277,
        0.004712199365189712,
        -0.05364348417339418,
        -0.04811206063911947,
        -0.01739328535821543,
        -0.01225625226747263,
        0.03855381338034829,
        -0.03380524109226707,
        -0.0020970408360911907,
        -0.022609593416821786,
        -0.022992810501341214,
        0.021481869906133957,
        0.02287027992533924,
        -0.05241839064977565,
        0.04808572374842895,
        0.009308085660847783,
        -0.01883180054410531,
        -0.015535397103737785,
        -0.014123550823490302,
        -0.059566764065660076,
        0.01589919851493043,
        0.0007010138806792521,
        0.019065233479369004,
        -0.026250388105598217,
        -0.026987892777567038,
        -0.016909761357508497,
        0.004812394353517678,
        -0.034473105668618706,
        -0.012891564693533072
      ]
    },
    "RVOL": {
      "IC值序列": [
        -0.22302937769461753,
        -0.021145925120553157,
        0.011726365421005577,
        0.21040832651308444,
        -0.17496367332244628,
        0.11829173676933477,
        0.021507889759497332,
        0.0027188729006492815,
        0.018115210225120266,
        -0.07117046070946165,
        0.18875304257968,
        0.033240281368419514,
        -0.1519413973529518,
        -0.18800151458029002,
        0.1386142308813596,
        0.2522176737936517,
        0.00048411195898706225,
        0.07273740286729719,
        -0.0507145445571671,
        0.06746903008690922,
        0.07581131610345318,
        0.021822728379775065,
        0.10163971029887407,
        0.07127100228304951,
        -0.11894990964311128,
        -0.015148985024420622,
        0.029318794293792087,
        0.02395887177495553,
        -0.001412910296325419,
        -0.12451540946469113,
        0.15435577493649738,
        0.11679150055042992,
        -0.19584487548848567,
        -0.1745587953090753,
        -0.10466427052875388,
        -0.14032262925647318,
        -0.19619340930309198,
        0.10410024267459156,
        -0.14255162364683066,
        -0.04900555977223326,
        -0.16117412431472353,
        0.2754007540788287,
        -0.1046499707811828,
        0.2216609430359212,
        -0.055401569179897234
      ],
      "RankIC值序列": [
        -0.15033256475683254,
        -0.061855386062966485,
        -0.01580208119302547,
        0.1840577768439158,
        -0.2147960735766288,
        0.1351393291468715,
        0.08071243270871443,
        0.016778443157727217,
        0.04457171914671123,
        -0.04783196178918467,
        0.18894489855067892,
        0.042796429188952025,
        -0.1692302975959389,
        -0.1243652488002226,
        0.07255252709224284,
        0.28946843430186503,
        0.003163223193878719,
        0.021298603007328835,
        0.00033688654775315826,
        0.10856236226558558,
        0.1105154164288029,
        -0.0016201227666789576,
        0.12116555852692634,
        0.14633791736491544,
        -0.016568329293108794,
        -0.012756177891963268,
        0.05742842843944506,
        0.10684997397870044,
        -0.0013935399048210834,
        -0.06427235322135952,
        0.19025116745398835,
        0.07422795161476015,
        -0.14567435679034393,
        -0.13617622792066852,
        -0.10339680562728121,
        -0.12791733042511103,
        -0.17403656977630247,
        0.07719384809097603,
        -0.1316944280546058,
        -0.05880297843891214,
        -0.12212198233087058,
        0.2272202978832955,
        -0.09740090494760482,
        0.1671876098284487,
        -0.038911420631181665
      ],
      "各分组收益率": {
        "第一组": [
          0.0,
          0.0,
          0.0,
          0.049745335279399075,
          0.028606121699105994,
          0.02477240414901739,
          0.04091569725494081,
          -0.04159185183554561,
          0.059661753616408277,
          0.005946647736387439,
          -0.004910810102238567,
          -0.09982848524829942,
          0.03455867216127072,
          -0.06709439531830359,
          -0.09951814607771059,
          0.04190202253401048,
          0.0,
          -0.03704419084303341,
          -0.012026703216181508,
          -0.07159632510575743,
          -0.05511545676979938,
          0.04990511242654046,
          -0.030471423364506506,
          0.08541132947143963,
          -0.026359777644520983,
          0.03338749621718018,
          0.0058436987049888195,
          -0.028399792114577802,
          -0.0005332179103808991,
          0.026998966260074135,
          -0.04787877336045805,
          -0.03560799712362352,
          -0.028014762203446363,
          -0.011114001134329842,
          -0.018094893540617066,
          -0.11541845548220515,
          0.09330249859898437,
          0.015076752264307809,
          0.0,
          -0.044932022447868585,
          -0.0638760077013106,
          -0.06639695694631313,
          -0.00840938278033364,
          0.1365955124685212,
          0.12130742993178538,
          0.03741971760992098,
          -0.02196584442238635,
          -0.07539618913130121,
          0.09409801775028655,
          -0.06682378064667946,
          -0.06291851424645044
        ],
        "第二组": [
          0.0,
          0.0,
          0.0,
          0.04687351970584668,
          -0.0076657678149854025,
          0.0006804862805189961,
          0.026548907033936874,
          -0.0029789971449084066,
          0.0026164762779375132,
          0.01525019569740179,
          0.010288761641169528,
          -0.09504855976744754,
          0.018802017810141857,
          -0.07278374774113813,
          -0.07959579869357761,
          0.03600788724373309,
          0.0,
          -0.05405765587983303,
          -0.01839189535853983,
          -0.07312056485659027,
          -0.027335463055376315,
          0.09145800827016455,
          -0.008276611095794228,
          0.07497065602215768,
          -0.011935976155209317,
          -0.004969123550600239,
          -0.0334051978523232,
          -0.06104616018744681,
          -0.02357415605933807,
          0.0303851797383516,
          -0.05285490525906307,
          -0.026027879863257653,
          -0.02857397252433276,
          -0.02029023272862335,
          -0.007516624613627846,
          -0.06793837608342679,
          0.067839980326084,
          0.024233997156281165,
          0.0,
          -0.01247769866743903,
          -0.07849210434239505,
          -0.03310641594344441,
          -0.02922046646088278,
          0.14075456696885366,
          0.08504724086474437,
          0.024076772561472486,
          -0.01317047226513837,
          -0.05688010845640381,
          0.054429483770652855,
          -0.013366051901609402,
          -0.0398083864717686
        ],
        "第三组": [
          0.0,
          0.0,
          0.0,
          0.0007235375335088337,
          0.003943246544569118,
          -0.049925339230356705,
          0.040861642290344564,
          0.012206177688854146,
          0.0034904385061704938,
          -0.006784047911067436,
          0.022252604218540466,
          -0.07738269837345998,
          0.014487537027793283,
          -0.07603117340519232,
          -0.08673264665306292,
          0.028059842524333325,
          0.0,
          -0.056917768302397614,
          -0.0018560309076504117,
          -0.06931564675540049,
          -0.01571140811145861,
          0.10070662209478301,
          -0.023824495434063193,
          0.07610833347816477,
          -0.014836151159760825,
          -0.01332110856011129,
          0.0016787289109673172,
          -0.05716629281114977,
          -0.008393260397825385,
          0.04940765949781849,
          -0.044621199633290455,
          -0.021057685953377453,
          -0.014679609737461059,
          -0.02386789836025285,
          -0.014537980079169139,
          -0.07672722587659714,
          0.06113877288407068,
          0.01831066461936488,
          0.0,
          -0.013617448885456273,
          -0.05505789328661264,
          -0.03045482683397913,
          -0.005605635980744709,
          0.10847681495178976,
          0.07096419329860416,
          0.00912478539132489,
          0.0202152370481427,
          -0.05166791376811715,
          0.03765054353506115,
          -0.0027403343695762655,
          -0.036798452386957614
        ],
        "第四组": [
          0.0,
          0.0,
          0.0,
          0.02250903540885265,
          -0.04964769446922081,
          -0.047423490678603776,
          0.028353954238858198,
          0.01996092423271689,
          -0.004206450959615791,
          0.010001666934053296,
          0.0459887907792778,
          -0.06343168959888376,
          0.011376401754620971,
          -0.06566121156145072,
          -0.07173606488156936,
          0.022754321563358028,
          0.0,
          -0.0404049925117369,
          -0.011802983124497554,
          -0.07101888733532163,
          -0.005511834243541072,
          0.10734986132762005,
          -0.0148124700333491,
          0.06562496494015395,
          0.008997007959966502,
          0.026066220633021425,
          0.0068898648277835005,
          -0.047713719708072456,
          -0.026701515893132088,
          0.05176948752514902,
          -0.0521600215018637,
          -0.005422886704687906,
          -0.02566096983339266,
          -0.009232821533400203,
          -0.022994365837217545,
          -0.045933496634748286,
          0.05704855350831022,
          0.015531485664773772,
          0.0,
          0.007610200921124108,
          -0.060894128957147776,
          -0.008646726535610052,
          -0.021786936764396733,
          0.1399466760118205,
          0.04969680205937656,
          0.015355333748457302,
          0.008168482016051266,
          -0.041525022118954785,
          0.03692638925752704,
          -0.011483459673514697,
          -0.04949527106121071
        ],
        "第五组": [
          0.0,
          0.0,
          0.0,
          0.019223756167265012,
          -0.004047773947473929,
          -0.05829867087930421,
          0.03333778982725073,
          0.034808562141255314,
          -0.006091080716179751,
          0.0059263414430285365,
          0.03872174727253728,
          -0.04943225066100089,
          0.016040642250438424,
          -0.052727105248588604,
          -0.057449389581085177,
          0.014366102567295062,
          0.0,
          -0.036427276629448224,
          -0.003292235658416971,
          -0.06684223834524598,
          -0.01529787112115484,
          0.08255791167033097,
          -0.023082024618174917,
          0.0678843609008117,
          0.03251156201311512,
          0.04907220336713178,
          0.013640729354557696,
          -0.02978461932206176,
          -0.022034375637204017,
          0.0335372738120917,
          -0.04869561993897557,
          -0.018935049682023083,
          -0.019723237510088608,
          -0.0058081851495565785,
          -0.022046983383264745,
          -0.06270681027978878,
          0.06112041916038185,
          0.018063621207188157,
          0.0,
          -0.016152920538182326,
          -0.055969968807088245,
          -0.01088535035987023,
          -0.023992879180009138,
          0.11543741663963783,
          0.08521301156413016,
          0.023770402667316268,
          0.02333276716115577,
          -0.0458828108807964,
          0.06502545895490237,
          4.9071987442463196e-05,
          -0.05385276771052495
        ]
      },
      "多空组合收益率序列": [
        0.0,
        0.0,
        0.0,
        0.030521579112134063,
        0.032653895646579924,
        0.0830710750283216,
        0.00757790742769008,
        -0.07640041397680092,
        0.06575283433258802,
        2.030629335890259e-05,
        -0.043632557374775845,
        -0.05039623458729853,
        0.018518029910832293,
        -0.014367290069714989,
        -0.04206875649662541,
        0.027535919966715415,
        0.0,
        -0.0006169142135851874,
        -0.008734467557764537,
        -0.00475408676051145,
        -0.039817585648644536,
        -0.03265279924379051,
        -0.007389398746331589,
        0.017526968570627938,
        -0.05887133965763611,
        -0.0156847071499516,
        -0.007797030649568877,
        0.0013848272074839588,
        0.02150115772682312,
        -0.006538307552017564,
        0.0008168465785175216,
        -0.016672947441600434,
        -0.008291524693357755,
        -0.005305815984773264,
        0.00395208984264768,
        -0.05271164520241638,
        0.032182079438602525,
        -0.0029868689428803486,
        0.0,
        -0.028779101909686258,
        -0.00790603889422236,
        -0.0555116065864429,
        0.015583496399675498,
        0.021158095828883366,
        0.036094418367655215,
        0.013649314942604712,
        -0.04529861158354212,
        -0.02951337825050481,
        0.029072558795384174,
        -0.06687285263412192,
        -0.009065746535925491
      ]
    },
    "GARCHVOL": {
      "IC值序列": [
        -0.2230518972499428,
        -0.021160259118400408,
        0.011652703525541399,
        0.2104786979789599,
        -0.1749757544463742,
        0.11831957973533147,
        0.02146210463044876,
        0.0027285728592015175,
        0.018052485610089142,
        -0.0711883627778434,
        0.18881763554989672,
        0.03320521378298295,
        -0.15198441209622773,
        -0.18803193260659007,
        0.1386158124126835,
        0.25225649385009663,
        0.0004832491353672294,
        0.07272342573974291,
        -0.05070813537418985,
        0.06748561389246506,
        0.07582070046930117,
        0.02182658982397992,
        0.10165324168372708,
        0.0712642838944734,
        -0.1189275981244234,
        -0.015113065161479821,
        0.02927969110433003,
        0.023916850629570774,
        -0.0014279185615050788,
        -0.12452094744428824,
        0.15435288288318988,
        0.11678799325945312,
        -0.19585227749164474,
        -0.17457827233191853,
        -0.10466201837390571,
        -0.14030659782588767,
        -0.19622084473546303,
        0.1041194210954159,
        -0.14260224227395607,
        -0.04898179492953876,
        -0.16117004161447257,
        0.27538154529779824,
        -0.10465472707046705,
        0.22167252082069855,
        -0.055393063713360224
      ],
      "RankIC值序列": [
        -0.15033256475683254,
        -0.06191625742055569,
        -0.015856268350021123,
        0.18406407967323035,
        -0.21483852272508222,
        0.13514705238723934,
        0.08068351265017,
        0.01681645400134991,
        0.044487332461164694,
        -0.04788101320124247,
        0.1889852650349441,
        0.042788365207242295,
        -0.16923297396902454,
        -0.12441667999839803,
        0.07259911153060918,
        0.28948250402416476,
        0.0031554620161819338,
        0.02117217545986956,
        0.00032739678584461863,
        0.10871029908856518,
        0.1105350079006976,
        -0.0015942559034225813,
        0.12116555852692634,
        0.14633911645245506,
        -0.01644572139303992,
        -0.012734894488495197,
        0.05742842843944506,
        0.10668237294743224,
        -0.0014203330241190748,
        -0.06430945702010964,
        0.19023047276352606,
        0.07422795161476015,
        -0.14571471047337695,
        -0.13617622792066852,
        -0.1033953273125602,
        -0.12791733042511103,
        -0.17403656977630247,
        0.07720382569605683,
        -0.1317088406381773,
        -0.058784501253172125,
        -0.12212937329338869,
        0.22720389028727317,
        -0.09740430476171674,
        0.1671876098284487,
        -0.03891245534624148
      ],
      "各分组收益率": {
        "第一组": [
          0.0,
          0.0,
          0.0,
          0.049745335279399075,
          0.028606121699105994,
          0.02477240414901739,
          0.04091569725494081,
          -0.04159185183554561,
          0.059661753616408277,
          0.005946647736387439,
          -0.004910810102238567,
          -0.09982848524829942,
          0.03455867216127072,
          -0.06709439531830359,
          -0.09951814607771059,
          0.041902022534010465,
          0.0,
          -0.03704419084303342,
          -0.012026703216181508,
          -0.07159632510575743,
          -0.05511545676979938,
          0.04990511242654046,
          -0.030471423364506506,
          0.08541132947143963,
          -0.026359777644520983,
          0.03338749621718018,
          0.0058436987049888195,
          -0.028399792114577802,
          -0.0005332179103808991,
          0.026998966260074135,
          -0.04787877336045805,
          -0.03560799712362352,
          -0.028014762203446363,
          -0.011114001134329842,
          -0.018094893540617066,
          -0.11541845548220515,
          0.09330249859898437,
          0.015076752264307809,
          0.0,
          -0.044932022447868585,
          -0.0638760077013106,
          -0.06639695694631313,
          -0.00840938278033364,
          0.1365955124685212,
          0.12130742993178538,
          0.03741971760992098,
          -0.023166971384799222,
          -0.07539618913130121,
          0.09409801775028655,
          -0.06682378064667946,
          -0.06291851424645044
        ],
        "第二组": [
          0.0,
          0.0,
          0.0,
          0.04687351970584668,
          -0.0076657678149854025,
          0.0006804862805189961,
          0.02451755984724824,
          -0.0029789971449084066,
          0.0026164762779375132,
          0.01525019569740179,
          0.010288761641169528,
          -0.09504855976744754,
          0.018802017810141857,
          -0.07278374774113813,
          -0.07959579869357761,
          0.03600788724373309,
          0.0,
          -0.05405765587983303,
          -0.01839189535853983,
          -0.07312056485659027,
          -0.027335463055376315,
          0.09145800827016455,
          -0.008601618438330206,
          0.07497065602215768,
          -0.011935976155209317,
          -0.004969123550600239,
          -0.0334051978523232,
          -0.06104616018744683,
          -0.023574156059338068,
          0.0303851797383516,
          -0.05285490525906307,
          -0.026027879863257653,
          -0.02857397252433276,
          -0.02029023272862335,
          -0.007516624613627846,
          -0.06793837608342679,
          0.067839980326084,
          0.024233997156281165,
          0.0,
          -0.01247769866743903,
          -0.07849210434239505,
          -0.03310641594344441,
          -0.02922046646088278,
          0.14075456696885366,
          0.08504724086474437,
          0.024076772561472486,
          -0.011983151359764724,
          -0.05688010845640381,
          0.054429483770652855,
          -0.013366051901609402,
          -0.0398083864717686
        ],
        "第三组": [
          0.0,
          0.0,
          0.0,
          0.0007235375335088337,
          0.003943246544569118,
          -0.049925339230356705,
          0.04291776200370013,
          0.012206177688854146,
          0.0034904385061704938,
          -0.006784047911067436,
          0.022252604218540466,
          -0.07738269837345998,
          0.014487537027793283,
          -0.07603117340519232,
          -0.08673264665306292,
          0.028059842524333325,
          0.0,
          -0.056917768302397614,
          -0.0018560309076504117,
          -0.06931564675540049,
          -0.01571140811145861,
          0.10070662209478301,
          -0.023495664475732675,
          0.07610833347816477,
          -0.014836151159760825,
          -0.01332110856011129,
          0.0016787289109673172,
          -0.05716629281114977,
          -0.008393260397825385,
          0.04940765949781849,
          -0.044621199633290455,
          -0.021057685953377453,
          -0.014679609737461059,
          -0.02386789836025285,
          -0.014537980079169139,
          -0.07672722587659714,
          0.06113877288407068,
          0.01831066461936488,
          0.0,
          -0.013617448885456273,
          -0.05505789328661264,
          -0.03045482683397913,
          -0.005605635980744709,
          0.10847681495178976,
          0.07096419329860416,
          0.00912478539132489,
          0.0202152370481427,
          -0.05166791376811715,
          0.03765054353506115,
          -0.0027403343695762655,
          -0.036798452386957614
        ],
        "第四组": [
          0.0,
          0.0,
          0.0,
          0.02250903540885265,
          -0.04964769446922081,
          -0.047423490678603776,
          0.028353954238858198,
          0.01996092423271689,
          -0.004206450959615791,
          0.010001666934053296,
          0.0459887907792778,
          -0.06343168959888376,
          0.011376401754620971,
          -0.06566121156145072,
          -0.07173606488156936,
          0.022754321563358028,
          0.0,
          -0.0404049925117369,
          -0.011802983124497554,
          -0.07101888733532163,
          -0.005511834243541072,
          0.10734986132762005,
          -0.0148124700333491,
          0.06562496494015395,
          0.008997007959966502,
          0.026066220633021425,
          0.0068898648277835005,
          -0.047713719708072456,
          -0.026701515893132088,
          0.05176948752514902,
          -0.0521600215018637,
          -0.005422886704687906,
          -0.02566096983339266,
          -0.009232821533400203,
          -0.022994365837217545,
          -0.045933496634748286,
          0.05704855350831022,
          0.015531485664773772,
          0.0,
          0.007610200921124108,
          -0.060894128957147776,
          -0.008646726535610052,
          -0.021786936764396733,
          0.1399466760118205,
          0.04969680205937656,
          0.015355333748457302,
          0.008168482016051266,
          -0.041525022118954785,
          0.03692638925752704,
          -0.011483459673514697,
          -0.04949527106121071
        ],
        "第五组": [
          0.0,
          0.0,
          0.0,
          0.019223756167265012,
          -0.004047773947473929,
          -0.05829867087930421,
          0.03333778982725073,
          0.034808562141255314,
          -0.006091080716179751,
          0.0059263414430285365,
          0.03872174727253728,
          -0.04943225066100089,
          0.016040642250438424,
          -0.052727105248588604,
          -0.057449389581085177,
          0.014366102567295062,
          0.0,
          -0.036427276629448224,
          -0.003292235658416971,
          -0.06684223834524598,
          -0.01529787112115484,
          0.08255791167033097,
          -0.023082024618174917,
          0.0678843609008117,
          0.03251156201311512,
          0.04907220336713178,
          0.013640729354557696,
          -0.02978461932206176,
          -0.022034375637204017,
          0.0335372738120917,
          -0.04869561993897557,
          -0.018935049682023083,
          -0.019723237510088608,
          -0.0058081851495565785,
          -0.022046983383264745,
          -0.06270681027978878,
          0.06112041916038185,
          0.018063621207188157,
          0.0,
          -0.016152920538182326,
          -0.055969968807088245,
          -0.01088535035987023,
          -0.023992879180009138,
          0.11543741663963783,
          0.08521301156413016,
          0.023770402667316268,
          0.02333276716115577,
          -0.0458828108807964,
          0.06502545895490237,
          4.9071987442463196e-05,
          -0.05385276771052495
        ]
      },
      "多空组合收益率序列": [
        0.0,
        0.0,
        0.0,
        0.030521579112134063,
        0.032653895646579924,
        0.0830710750283216,
        0.00757790742769008,
        -0.07640041397680092,
        0.06575283433258802,
        2.030629335890259e-05,
        -0.043632557374775845,
        -0.05039623458729853,
        0.018518029910832293,
        -0.014367290069714989,
        -0.04206875649662541,
        0.0275359199667154,
        0.0,
        -0.0006169142135851943,
        -0.008734467557764537,
        -0.00475408676051145,
        -0.039817585648644536,
        -0.03265279924379051,
        -0.007389398746331589,
        0.017526968570627938,
        -0.05887133965763611,
        -0.0156847071499516,
        -0.007797030649568877,
        0.0013848272074839588,
        0.02150115772682312,
        -0.006538307552017564,
        0.0008168465785175216,
        -0.016672947441600434,
        -0.008291524693357755,
        -0.005305815984773264,
        0.00395208984264768,
        -0.05271164520241638,
        0.032182079438602525,
        -0.0029868689428803486,
        0.0,
        -0.028779101909686258,
        -0.00790603889422236,
        -0.0555116065864429,
        0.015583496399675498,
        0.021158095828883366,
        0.036094418367655215,
        0.013649314942604712,
        -0.04649973854595499,
        -0.02951337825050481,
        0.029072558795384174,
        -0.06687285263412192,
        -0.009065746535925491
      ]
    }
  }
}